<?xml version="1.0" encoding="UTF-8"?>
<!-- Generated by org.testng.reporters.JUnitReportReporter -->
<testsuite hostname="Menys-MacBook-Pro.local" name="Native.SanityIos" tests="1" failures="0" timestamp="19 Sep 2017 09:26:32 GMT" time="574.271" errors="0">
  <testcase name="Grid_AdvancedColumns" time="574.271" classname="Native.SanityIos"/>
</testsuite> <!-- Native.SanityIos -->
